<?xml version="1.0" encoding="UTF-8"?>
<testsuite xmlns:xsi="http://www.w3.org/2001/XMLSchema-instance" xsi:noNamespaceSchemaLocation="https://maven.apache.org/surefire/maven-surefire-plugin/xsd/surefire-test-report.xsd" name="geocoding.AddressResolverTest" time="0.284" tests="3" errors="1" skipped="0" failures="0">
  <properties>
    <property name="sun.desktop" value="gnome"/>
    <property name="awt.toolkit" value="sun.awt.X11.XToolkit"/>
    <property name="java.specification.version" value="11"/>
    <property name="sun.cpu.isalist" value=""/>
    <property name="sun.jnu.encoding" value="UTF-8"/>
    <property name="java.class.path" value="/home/tiago/Desktop/TQS/Lab2/Ex2/gs-mockForHttpClient/target/test-classes:/home/tiago/Desktop/TQS/Lab2/Ex2/gs-mockForHttpClient/target/classes:/home/tiago/.m2/repository/org/junit/jupiter/junit-jupiter-engine/5.7.1/junit-jupiter-engine-5.7.1.jar:/home/tiago/.m2/repository/org/apiguardian/apiguardian-api/1.1.0/apiguardian-api-1.1.0.jar:/home/tiago/.m2/repository/org/junit/platform/junit-platform-engine/1.7.1/junit-platform-engine-1.7.1.jar:/home/tiago/.m2/repository/org/junit/jupiter/junit-jupiter-api/5.7.1/junit-jupiter-api-5.7.1.jar:/home/tiago/.m2/repository/org/opentest4j/opentest4j/1.2.0/opentest4j-1.2.0.jar:/home/tiago/.m2/repository/org/junit/platform/junit-platform-commons/1.7.1/junit-platform-commons-1.7.1.jar:/home/tiago/.m2/repository/org/junit/vintage/junit-vintage-engine/5.7.1/junit-vintage-engine-5.7.1.jar:/home/tiago/.m2/repository/junit/junit/4.13/junit-4.13.jar:/home/tiago/.m2/repository/org/hamcrest/hamcrest-core/1.3/hamcrest-core-1.3.jar:/home/tiago/.m2/repository/org/hamcrest/hamcrest-all/1.3/hamcrest-all-1.3.jar:/home/tiago/.m2/repository/org/mockito/mockito-core/3.3.3/mockito-core-3.3.3.jar:/home/tiago/.m2/repository/net/bytebuddy/byte-buddy/1.10.5/byte-buddy-1.10.5.jar:/home/tiago/.m2/repository/net/bytebuddy/byte-buddy-agent/1.10.5/byte-buddy-agent-1.10.5.jar:/home/tiago/.m2/repository/org/objenesis/objenesis/2.6/objenesis-2.6.jar:/home/tiago/.m2/repository/org/mockito/mockito-junit-jupiter/3.3.3/mockito-junit-jupiter-3.3.3.jar:/home/tiago/.m2/repository/org/apache/httpcomponents/httpclient/4.5.10/httpclient-4.5.10.jar:/home/tiago/.m2/repository/org/apache/httpcomponents/httpcore/4.4.12/httpcore-4.4.12.jar:/home/tiago/.m2/repository/commons-logging/commons-logging/1.2/commons-logging-1.2.jar:/home/tiago/.m2/repository/commons-codec/commons-codec/1.11/commons-codec-1.11.jar:/home/tiago/.m2/repository/com/googlecode/json-simple/json-simple/1.1.1/json-simple-1.1.1.jar:"/>
    <property name="java.vm.vendor" value="Ubuntu"/>
    <property name="sun.arch.data.model" value="64"/>
    <property name="java.vendor.url" value="https://ubuntu.com/"/>
    <property name="user.timezone" value=""/>
    <property name="user.country.format" value="PT"/>
    <property name="java.vm.specification.version" value="11"/>
    <property name="os.name" value="Linux"/>
    <property name="sun.java.launcher" value="SUN_STANDARD"/>
    <property name="user.country" value="US"/>
    <property name="sun.boot.library.path" value="/usr/lib/jvm/java-11-openjdk-amd64/lib"/>
    <property name="sun.java.command" value="/home/tiago/Desktop/TQS/Lab2/Ex2/gs-mockForHttpClient/target/surefire/surefirebooter1764749307068476067.jar /home/tiago/Desktop/TQS/Lab2/Ex2/gs-mockForHttpClient/target/surefire 2021-03-24T16-34-45_168-jvmRun1 surefire9802472326449246211tmp surefire_07128985216168115148tmp"/>
    <property name="jdk.debug" value="release"/>
    <property name="surefire.test.class.path" value="/home/tiago/Desktop/TQS/Lab2/Ex2/gs-mockForHttpClient/target/test-classes:/home/tiago/Desktop/TQS/Lab2/Ex2/gs-mockForHttpClient/target/classes:/home/tiago/.m2/repository/org/junit/jupiter/junit-jupiter-engine/5.7.1/junit-jupiter-engine-5.7.1.jar:/home/tiago/.m2/repository/org/apiguardian/apiguardian-api/1.1.0/apiguardian-api-1.1.0.jar:/home/tiago/.m2/repository/org/junit/platform/junit-platform-engine/1.7.1/junit-platform-engine-1.7.1.jar:/home/tiago/.m2/repository/org/junit/jupiter/junit-jupiter-api/5.7.1/junit-jupiter-api-5.7.1.jar:/home/tiago/.m2/repository/org/opentest4j/opentest4j/1.2.0/opentest4j-1.2.0.jar:/home/tiago/.m2/repository/org/junit/platform/junit-platform-commons/1.7.1/junit-platform-commons-1.7.1.jar:/home/tiago/.m2/repository/org/junit/vintage/junit-vintage-engine/5.7.1/junit-vintage-engine-5.7.1.jar:/home/tiago/.m2/repository/junit/junit/4.13/junit-4.13.jar:/home/tiago/.m2/repository/org/hamcrest/hamcrest-core/1.3/hamcrest-core-1.3.jar:/home/tiago/.m2/repository/org/hamcrest/hamcrest-all/1.3/hamcrest-all-1.3.jar:/home/tiago/.m2/repository/org/mockito/mockito-core/3.3.3/mockito-core-3.3.3.jar:/home/tiago/.m2/repository/net/bytebuddy/byte-buddy/1.10.5/byte-buddy-1.10.5.jar:/home/tiago/.m2/repository/net/bytebuddy/byte-buddy-agent/1.10.5/byte-buddy-agent-1.10.5.jar:/home/tiago/.m2/repository/org/objenesis/objenesis/2.6/objenesis-2.6.jar:/home/tiago/.m2/repository/org/mockito/mockito-junit-jupiter/3.3.3/mockito-junit-jupiter-3.3.3.jar:/home/tiago/.m2/repository/org/apache/httpcomponents/httpclient/4.5.10/httpclient-4.5.10.jar:/home/tiago/.m2/repository/org/apache/httpcomponents/httpcore/4.4.12/httpcore-4.4.12.jar:/home/tiago/.m2/repository/commons-logging/commons-logging/1.2/commons-logging-1.2.jar:/home/tiago/.m2/repository/commons-codec/commons-codec/1.11/commons-codec-1.11.jar:/home/tiago/.m2/repository/com/googlecode/json-simple/json-simple/1.1.1/json-simple-1.1.1.jar:"/>
    <property name="sun.cpu.endian" value="little"/>
    <property name="user.home" value="/home/tiago"/>
    <property name="user.language" value="en"/>
    <property name="java.specification.vendor" value="Oracle Corporation"/>
    <property name="java.version.date" value="2020-11-04"/>
    <property name="java.home" value="/usr/lib/jvm/java-11-openjdk-amd64"/>
    <property name="file.separator" value="/"/>
    <property name="basedir" value="/home/tiago/Desktop/TQS/Lab2/Ex2/gs-mockForHttpClient"/>
    <property name="java.vm.compressedOopsMode" value="Zero based"/>
    <property name="line.separator" value="&#10;"/>
    <property name="java.specification.name" value="Java Platform API Specification"/>
    <property name="java.vm.specification.vendor" value="Oracle Corporation"/>
    <property name="java.awt.graphicsenv" value="sun.awt.X11GraphicsEnvironment"/>
    <property name="surefire.real.class.path" value="/home/tiago/Desktop/TQS/Lab2/Ex2/gs-mockForHttpClient/target/surefire/surefirebooter1764749307068476067.jar"/>
    <property name="sun.management.compiler" value="HotSpot 64-Bit Tiered Compilers"/>
    <property name="java.runtime.version" value="11.0.9.1+1-Ubuntu-0ubuntu1.20.04"/>
    <property name="user.name" value="tiago"/>
    <property name="path.separator" value=":"/>
    <property name="os.version" value="5.8.0-36-generic"/>
    <property name="java.runtime.name" value="OpenJDK Runtime Environment"/>
    <property name="file.encoding" value="UTF-8"/>
    <property name="java.vm.name" value="OpenJDK 64-Bit Server VM"/>
    <property name="localRepository" value="/home/tiago/.m2/repository"/>
    <property name="java.vendor.url.bug" value="https://bugs.launchpad.net/ubuntu/+source/openjdk-lts"/>
    <property name="java.io.tmpdir" value="/tmp"/>
    <property name="java.version" value="11.0.9.1"/>
    <property name="user.dir" value="/home/tiago/Desktop/TQS/Lab2/Ex2/gs-mockForHttpClient"/>
    <property name="os.arch" value="amd64"/>
    <property name="java.vm.specification.name" value="Java Virtual Machine Specification"/>
    <property name="java.awt.printerjob" value="sun.print.PSPrinterJob"/>
    <property name="user.language.format" value="pt"/>
    <property name="sun.os.patch.level" value="unknown"/>
    <property name="java.library.path" value="/usr/java/packages/lib:/usr/lib/x86_64-linux-gnu/jni:/lib/x86_64-linux-gnu:/usr/lib/x86_64-linux-gnu:/usr/lib/jni:/lib:/usr/lib"/>
    <property name="java.vm.info" value="mixed mode, sharing"/>
    <property name="java.vendor" value="Ubuntu"/>
    <property name="java.vm.version" value="11.0.9.1+1-Ubuntu-0ubuntu1.20.04"/>
    <property name="sun.io.unicode.encoding" value="UnicodeLittle"/>
    <property name="java.class.version" value="55.0"/>
  </properties>
  <testcase name="nullUrl_throwsNullPointerException" classname="geocoding.AddressResolverTest" time="0.251"/>
  <testcase name="whenGoodAlboiGps_returnAddress" classname="geocoding.AddressResolverTest" time="0.026">
    <error message="&#10;Strict stubbing argument mismatch. Please check:&#10; - this invocation of &apos;get&apos; method:&#10;    httpclient.get(&#10;    &quot;http://open.mapquestapi.com/geocoding/v1/reverse?key=uXSAVwYWbf9tJmsjEGHKKAo0gOjZfBLQ&amp;location=40.640661%2C-8.656688&amp;includeRoadMetadata=true&quot;&#10;);&#10;    -&gt; at geocoding.AddressResolver.findAddressForLocation(AddressResolver.java:48)&#10; - has following stubbing(s) with different arguments:&#10;    1. httpclient.get(&#10;    &quot;http://open.mapquestapi.com/geocoding/v1/reverse?key=uXSAVwYWbf9tJmsjEGHKKAo0gOjZfBLQ&amp;location=40.640661,%20-8.656688&amp;includeRoadMetadata=true&quot;&#10;);&#10;      -&gt; at geocoding.AddressResolverTest.whenGoodAlboiGps_returnAddress(AddressResolverTest.java:31)&#10;Typically, stubbing argument mismatch indicates user mistake when writing tests.&#10;Mockito fails early so that you can debug potential problem easily.&#10;However, there are legit scenarios when this exception generates false negative signal:&#10;  - stubbing the same method multiple times using &apos;given().will()&apos; or &apos;when().then()&apos; API&#10;    Please use &apos;will().given()&apos; or &apos;doReturn().when()&apos; API for stubbing.&#10;  - stubbed method is intentionally invoked with different arguments by code under test&#10;    Please use default or &apos;silent&apos; JUnit Rule (equivalent of Strictness.LENIENT).&#10;For more information see javadoc for PotentialStubbingProblem class." type="org.mockito.exceptions.misusing.PotentialStubbingProblem"><![CDATA[org.mockito.exceptions.misusing.PotentialStubbingProblem: 

Strict stubbing argument mismatch. Please check:
 - this invocation of 'get' method:
    httpclient.get(
    "http://open.mapquestapi.com/geocoding/v1/reverse?key=uXSAVwYWbf9tJmsjEGHKKAo0gOjZfBLQ&location=40.640661%2C-8.656688&includeRoadMetadata=true"
);
    -> at geocoding.AddressResolver.findAddressForLocation(AddressResolver.java:48)
 - has following stubbing(s) with different arguments:
    1. httpclient.get(
    "http://open.mapquestapi.com/geocoding/v1/reverse?key=uXSAVwYWbf9tJmsjEGHKKAo0gOjZfBLQ&location=40.640661,%20-8.656688&includeRoadMetadata=true"
);
      -> at geocoding.AddressResolverTest.whenGoodAlboiGps_returnAddress(AddressResolverTest.java:31)
Typically, stubbing argument mismatch indicates user mistake when writing tests.
Mockito fails early so that you can debug potential problem easily.
However, there are legit scenarios when this exception generates false negative signal:
  - stubbing the same method multiple times using 'given().will()' or 'when().then()' API
    Please use 'will().given()' or 'doReturn().when()' API for stubbing.
  - stubbed method is intentionally invoked with different arguments by code under test
    Please use default or 'silent' JUnit Rule (equivalent of Strictness.LENIENT).
For more information see javadoc for PotentialStubbingProblem class.
	at geocoding.AddressResolverTest.whenGoodAlboiGps_returnAddress(AddressResolverTest.java:35)
]]></error>
    <system-err><![CDATA[ url is --> http://open.mapquestapi.com/geocoding/v1/reverse?key=uXSAVwYWbf9tJmsjEGHKKAo0gOjZfBLQ&location=40.640661%2C-8.656688&includeRoadMetadata=true <--
]]></system-err>
  </testcase>
  <testcase name="whenBadCoordidates_throwBadArrayindex" classname="geocoding.AddressResolverTest" time="0.001"/>
</testsuite>